[debug] [2020-04-21T19:16:08.871Z] ----------------------------------------------------------------------
[debug] [2020-04-21T19:16:08.873Z] Command:       /usr/local/bin/node /usr/local/bin/firebase init
[debug] [2020-04-21T19:16:08.874Z] CLI Version:   8.0.3
[debug] [2020-04-21T19:16:08.874Z] Platform:      darwin
[debug] [2020-04-21T19:16:08.874Z] Node Version:  v10.16.0
[debug] [2020-04-21T19:16:08.878Z] Time:          Tue Apr 21 2020 13:16:08 GMT-0600 (Mountain Daylight Time)
[debug] [2020-04-21T19:16:08.878Z] ----------------------------------------------------------------------
[debug] [2020-04-21T19:16:08.878Z]
[debug] [2020-04-21T19:16:08.888Z] > command requires scopes: ["email","openid","https://www.googleapis.com/auth/cloudplatformprojects.readonly","https://www.googleapis.com/auth/firebase","https://www.googleapis.com/auth/cloud-platform"]
[debug] [2020-04-21T19:16:08.888Z] > authorizing via signed-in user
[info]
     ######## #### ########  ######## ########     ###     ######  ########
     ##        ##  ##     ## ##       ##     ##  ##   ##  ##       ##
     ######    ##  ########  ######   ########  #########  ######  ######
     ##        ##  ##    ##  ##       ##     ## ##     ##       ## ##
     ##       #### ##     ## ######## ########  ##     ##  ######  ########

You're about to initialize a Firebase project in this directory:

  /Users/hunterjenkins/Desktop/future-checklist

[info]
=== Project Setup
[info]
[info] First, let's associate this project directory with a Firebase project.
[info] You can create multiple project aliases by running firebase use --add,
[info] but for now we'll just set up a default project.
[info]
[info] i  If you want to create a project in a Google Cloud organization or folder, please use "firebase projects:create" instead, and return to this command when you've created the project.
[debug] [2020-04-21T19:16:25.475Z] > refreshing access token with scopes: ["email","https://www.googleapis.com/auth/cloud-platform","https://www.googleapis.com/auth/cloudplatformprojects.readonly","https://www.googleapis.com/auth/firebase","openid"]
[debug] [2020-04-21T19:16:25.476Z] >>> HTTP REQUEST POST https://www.googleapis.com/oauth2/v3/token
 <request body omitted>
[debug] [2020-04-21T19:16:25.777Z] <<< HTTP RESPONSE 200 {"content-type":"application/json; charset=utf-8","vary":"X-Origin, Referer, Origin,Accept-Encoding","date":"Tue, 21 Apr 2020 19:16:25 GMT","server":"scaffolding on HTTPServer2","cache-control":"private","x-xss-protection":"0","x-frame-options":"SAMEORIGIN","x-content-type-options":"nosniff","alt-svc":"quic=\":443\"; ma=2592000; v=\"46,43\",h3-Q050=\":443\"; ma=2592000,h3-Q049=\":443\"; ma=2592000,h3-Q048=\":443\"; ma=2592000,h3-Q046=\":443\"; ma=2592000,h3-Q043=\":443\"; ma=2592000,h3-T050=\":443\"; ma=2592000","accept-ranges":"none","transfer-encoding":"chunked"}
[debug] [2020-04-21T19:16:25.797Z] >>> HTTP REQUEST POST https://cloudresourcemanager.googleapis.com/v1/projects
 {"projectId":"futureChecklist","name":"futureChecklist"}
[debug] [2020-04-21T19:16:26.156Z] <<< HTTP RESPONSE 400 {"vary":"X-Origin, Referer, Origin,Accept-Encoding","content-type":"application/json; charset=UTF-8","date":"Tue, 21 Apr 2020 19:16:26 GMT","server":"ESF","cache-control":"private","x-xss-protection":"0","x-frame-options":"SAMEORIGIN","x-content-type-options":"nosniff","server-timing":"gfet4t7; dur=110","alt-svc":"quic=\":443\"; ma=2592000; v=\"46,43\",h3-Q050=\":443\"; ma=2592000,h3-Q049=\":443\"; ma=2592000,h3-Q048=\":443\"; ma=2592000,h3-Q046=\":443\"; ma=2592000,h3-Q043=\":443\"; ma=2592000,h3-T050=\":443\"; ma=2592000","accept-ranges":"none","transfer-encoding":"chunked"}
[debug] [2020-04-21T19:16:26.156Z] <<< HTTP RESPONSE BODY {"error":{"code":400,"message":"field [project_id] has issue [project_id contains invalid characters]","status":"INVALID_ARGUMENT","details":[{"@type":"type.googleapis.com/google.rpc.BadRequest","fieldViolations":[{"field":"project_id","description":"project_id contains invalid characters"}]},{"@type":"type.googleapis.com/google.rpc.Help","links":[{"url":"https://cloud.google.com/resource-manager/reference/rest/v1/projects"}]}]}}
[debug] [2020-04-21T19:16:26.160Z] HTTP Error: 400, field [project_id] has issue [project_id contains invalid characters]
[debug] [2020-04-21T19:16:26.386Z] FirebaseError: HTTP Error: 400, field [project_id] has issue [project_id contains invalid characters]
    at module.exports (/usr/local/lib/node_modules/firebase-tools/lib/responseToError.js:38:12)
    at Request._callback (/usr/local/lib/node_modules/firebase-tools/lib/api.js:41:35)
    at Request.self.callback (/usr/local/lib/node_modules/firebase-tools/node_modules/request/request.js:185:22)
    at Request.emit (events.js:198:13)
    at Request.EventEmitter.emit (domain.js:448:20)
    at Request.<anonymous> (/usr/local/lib/node_modules/firebase-tools/node_modules/request/request.js:1154:10)
    at Request.emit (events.js:198:13)
    at Request.EventEmitter.emit (domain.js:448:20)
    at IncomingMessage.<anonymous> (/usr/local/lib/node_modules/firebase-tools/node_modules/request/request.js:1076:12)
    at Object.onceWrapper (events.js:286:20)
    at IncomingMessage.emit (events.js:203:15)
    at IncomingMessage.EventEmitter.emit (domain.js:448:20)
    at endReadableNT (_stream_readable.js:1129:12)
    at process._tickCallback (internal/process/next_tick.js:63:19)
[error]
[error] Error: Failed to create Google Cloud project. See firebase-debug.log for more info.
[debug] [2020-04-21T19:16:44.125Z] ----------------------------------------------------------------------
[debug] [2020-04-21T19:16:44.127Z] Command:       /usr/local/bin/node /usr/local/bin/firebase login
[debug] [2020-04-21T19:16:44.127Z] CLI Version:   8.0.3
[debug] [2020-04-21T19:16:44.128Z] Platform:      darwin
[debug] [2020-04-21T19:16:44.128Z] Node Version:  v10.16.0
[debug] [2020-04-21T19:16:44.128Z] Time:          Tue Apr 21 2020 13:16:44 GMT-0600 (Mountain Daylight Time)
[debug] [2020-04-21T19:16:44.128Z] ----------------------------------------------------------------------
[debug] [2020-04-21T19:16:44.129Z]
[info] Already logged in as hunterbjenkins@gmail.com
